    1  2017-05-19 21:37:26 ping 8.8.4.4
    2  2017-05-19 21:42:40 type -a git
    3  2017-05-19 21:42:54 mkcd work/git-going-fast
    4  2017-05-19 21:43:41 git --version
    5  2017-05-19 21:43:55 pushd ~/
    6  2017-05-19 21:43:58 vim .git
    7  2017-05-19 21:44:05 vim .gitconfig 
    8  2017-05-19 21:51:04 cd .emacs.d/
    9  2017-05-19 21:51:06 ll -rt
   10  2017-05-19 21:51:09 rm SessionDesktop.el 
   11  2017-05-19 21:51:14 find .
   12  2017-05-19 21:51:17 rm emacs.desktop.saved 
   13  2017-05-19 21:51:18 ls
   14  2017-05-19 21:51:20 find .
   15  2017-05-19 21:51:31 find . -type f
   16  2017-05-19 22:00:31 popd
   17  2017-05-19 22:00:39 bin git
   18  2017-05-19 22:03:32 git version
   19  2017-05-19 22:04:02 git help 
   20  2017-05-19 22:04:17 git help config
   21  2017-05-19 22:07:13 git config --global --list
   22  2017-05-19 22:09:45 git init git-demo
   23  2017-05-19 22:09:57 cd git-demo/
   24  2017-05-19 22:10:20 ls -a
   25  2017-05-19 22:10:23 find .git/
   26  2017-05-19 22:18:59 ls
   27  2017-05-19 22:19:30 ec README.md
   28  2017-05-19 22:20:00 ec README.md
   29  2017-05-19 22:20:56 git status
   30  2017-05-19 22:22:05 git add README.md 
   31  2017-05-19 22:22:17 git status
   32  2017-05-19 22:22:49 git commit -m "Initial commit (skeleton README.md)"
   33  2017-05-19 22:22:53 git status
   34  2017-05-19 22:26:10 git status
   35  2017-05-19 22:27:09 git add README.md 
   36  2017-05-19 22:27:12 git status
   37  2017-05-19 22:27:34 git commit -m "Added some lore ipsum"
   38  2017-05-19 22:27:41 git status
   39  2017-05-19 22:28:46 git status
   40  2017-05-19 22:29:17 git commit -a -m "2nd paragraph of placeholder."
   41  2017-05-19 22:29:21 git status
   42  2017-05-19 22:32:01 ec index.html
   43  2017-05-19 22:48:19 git status
   44  2017-05-19 22:48:23 git add index.html 
   45  2017-05-19 22:48:28 git status
   46  2017-05-19 22:49:16 git status
   47  2017-05-19 22:49:27 git add README.md 
   48  2017-05-19 22:49:32 git status
   49  2017-05-19 22:49:53 git commit -m "Some changes, first html"
   50  2017-05-19 22:51:00 git status
   51  2017-05-19 22:51:14 git add .
   52  2017-05-19 22:51:18 git status
   53  2017-05-19 22:52:02 git commit -m "More changes."
   54  2017-05-19 22:52:22 git status
   55  2017-05-19 22:52:24 ls
   56  2017-05-19 22:53:02 git status
   57  2017-05-19 22:53:25  git add README.md 
   58  2017-05-19 22:53:27 git status
   59  2017-05-19 22:54:35 git reset HEAD README.md 
   60  2017-05-19 22:54:38 git status
   61  2017-05-19 22:56:26 git checkout -- README.md 
   62  2017-05-19 22:56:29 git status
   63  2017-05-19 23:01:07 git status
   64  2017-05-19 23:01:14 git add .
   65  2017-05-19 23:01:17 git status
   66  2017-05-19 23:01:25 git checkout -- README.md 
   67  2017-05-19 23:01:28 git status
   68  2017-05-19 23:02:36 git reset README.md 
   69  2017-05-19 23:02:41 git status
   70  2017-05-19 23:02:43 git add .
   71  2017-05-19 23:02:45 git status
   72  2017-05-19 23:02:53 git reset .
   73  2017-05-19 23:02:57 git status
   74  2017-05-19 23:03:18 git checkout -- .
   75  2017-05-19 23:03:22 git status
   76  2017-05-19 23:03:38 h > h.log
